[2016-11-17 00:56:55] local.ERROR: exception 'Symfony\Component\Debug\Exception\FatalErrorException' with message 'Class 'App\Providers\EntrustCustomServiceProvider' not found' in D:\xampp\htdocs\mis_sistemas\laravel\wsv1\vendor\laravel\framework\src\Illuminate\Foundation\ProviderRepository.php:146
Stack trace:
#0 {main}  
[2016-11-17 00:59:50] local.ERROR: exception 'Symfony\Component\Debug\Exception\FatalErrorException' with message 'Class 'App\Providers\EntrustCustomServiceProvider' not found' in D:\xampp\htdocs\mis_sistemas\laravel\wsv1\vendor\laravel\framework\src\Illuminate\Foundation\ProviderRepository.php:146
Stack trace:
#0 {main}  
[2016-11-17 01:07:59] local.ERROR: exception 'PDOException' with message 'SQLSTATE[HY000] [1045] Access denied for user 'root'@'localhost' (using password: YES)' in D:\xampp\htdocs\mis_sistemas\laravel\wsv1\vendor\laravel\framework\src\Illuminate\Database\Connectors\Connector.php:55
Stack trace:
#0 D:\xampp\htdocs\mis_sistemas\laravel\wsv1\vendor\laravel\framework\src\Illuminate\Database\Connectors\Connector.php(55): PDO->__construct('mysql:host=127....', 'root', 'secret', Array)
#1 D:\xampp\htdocs\mis_sistemas\laravel\wsv1\vendor\laravel\framework\src\Illuminate\Database\Connectors\MySqlConnector.php(24): Illuminate\Database\Connectors\Connector->createConnection('mysql:host=127....', Array, Array)
#2 D:\xampp\htdocs\mis_sistemas\laravel\wsv1\vendor\laravel\framework\src\Illuminate\Database\Connectors\ConnectionFactory.php(61): Illuminate\Database\Connectors\MySqlConnector->connect(Array)
#3 [internal function]: Illuminate\Database\Connectors\ConnectionFactory->Illuminate\Database\Connectors\{closure}()
#4 D:\xampp\htdocs\mis_sistemas\laravel\wsv1\vendor\laravel\framework\src\Illuminate\Database\Connection.php(924): call_user_func(Object(Closure))
#5 D:\xampp\htdocs\mis_sistemas\laravel\wsv1\vendor\laravel\framework\src\Illuminate\Database\Connection.php(792): Illuminate\Database\Connection->getPdo()
#6 D:\xampp\htdocs\mis_sistemas\laravel\wsv1\vendor\laravel\framework\src\Illuminate\Database\Connection.php(677): Illuminate\Database\Connection->reconnectIfMissingConnection()
#7 D:\xampp\htdocs\mis_sistemas\laravel\wsv1\vendor\laravel\framework\src\Illuminate\Database\Connection.php(349): Illuminate\Database\Connection->run('select * from i...', Array, Object(Closure))
#8 D:\xampp\htdocs\mis_sistemas\laravel\wsv1\vendor\laravel\framework\src\Illuminate\Database\Schema\MySqlBuilder.php(21): Illuminate\Database\Connection->select('select * from i...', Array)
#9 D:\xampp\htdocs\mis_sistemas\laravel\wsv1\vendor\laravel\framework\src\Illuminate\Database\Migrations\DatabaseMigrationRepository.php(141): Illuminate\Database\Schema\MySqlBuilder->hasTable('migrations')
#10 D:\xampp\htdocs\mis_sistemas\laravel\wsv1\vendor\laravel\framework\src\Illuminate\Database\Migrations\Migrator.php(404): Illuminate\Database\Migrations\DatabaseMigrationRepository->repositoryExists()
#11 D:\xampp\htdocs\mis_sistemas\laravel\wsv1\vendor\laravel\framework\src\Illuminate\Database\Console\Migrations\MigrateCommand.php(103): Illuminate\Database\Migrations\Migrator->repositoryExists()
#12 D:\xampp\htdocs\mis_sistemas\laravel\wsv1\vendor\laravel\framework\src\Illuminate\Database\Console\Migrations\MigrateCommand.php(58): Illuminate\Database\Console\Migrations\MigrateCommand->prepareDatabase()
#13 [internal function]: Illuminate\Database\Console\Migrations\MigrateCommand->fire()
#14 D:\xampp\htdocs\mis_sistemas\laravel\wsv1\vendor\laravel\framework\src\Illuminate\Container\Container.php(507): call_user_func_array(Array, Array)
#15 D:\xampp\htdocs\mis_sistemas\laravel\wsv1\vendor\laravel\framework\src\Illuminate\Console\Command.php(169): Illuminate\Container\Container->call(Array)
#16 D:\xampp\htdocs\mis_sistemas\laravel\wsv1\vendor\symfony\console\Command\Command.php(256): Illuminate\Console\Command->execute(Object(Symfony\Component\Console\Input\ArgvInput), Object(Symfony\Component\Console\Output\ConsoleOutput))
#17 D:\xampp\htdocs\mis_sistemas\laravel\wsv1\vendor\laravel\framework\src\Illuminate\Console\Command.php(155): Symfony\Component\Console\Command\Command->run(Object(Symfony\Component\Console\Input\ArgvInput), Object(Symfony\Component\Console\Output\ConsoleOutput))
#18 D:\xampp\htdocs\mis_sistemas\laravel\wsv1\vendor\symfony\console\Application.php(794): Illuminate\Console\Command->run(Object(Symfony\Component\Console\Input\ArgvInput), Object(Symfony\Component\Console\Output\ConsoleOutput))
#19 D:\xampp\htdocs\mis_sistemas\laravel\wsv1\vendor\symfony\console\Application.php(186): Symfony\Component\Console\Application->doRunCommand(Object(Illuminate\Database\Console\Migrations\MigrateCommand), Object(Symfony\Component\Console\Input\ArgvInput), Object(Symfony\Component\Console\Output\ConsoleOutput))
#20 D:\xampp\htdocs\mis_sistemas\laravel\wsv1\vendor\symfony\console\Application.php(117): Symfony\Component\Console\Application->doRun(Object(Symfony\Component\Console\Input\ArgvInput), Object(Symfony\Component\Console\Output\ConsoleOutput))
#21 D:\xampp\htdocs\mis_sistemas\laravel\wsv1\vendor\laravel\framework\src\Illuminate\Foundation\Console\Kernel.php(107): Symfony\Component\Console\Application->run(Object(Symfony\Component\Console\Input\ArgvInput), Object(Symfony\Component\Console\Output\ConsoleOutput))
#22 D:\xampp\htdocs\mis_sistemas\laravel\wsv1\artisan(36): Illuminate\Foundation\Console\Kernel->handle(Object(Symfony\Component\Console\Input\ArgvInput), Object(Symfony\Component\Console\Output\ConsoleOutput))
#23 {main}  
